<?xml version="1.0" encoding="UTF-8"?>
<coverage generated="1760319198612" clover="3.2.0">
  <project timestamp="1760319198613" name="All files">
    <metrics statements="164" coveredstatements="113" conditionals="55" coveredconditionals="20" methods="28" coveredmethods="10" elements="247" coveredelements="143" complexity="0" loc="164" ncloc="164" packages="6" files="9" classes="9"/>
    <package name="ecommerce-api">
      <metrics statements="30" coveredstatements="28" conditionals="2" coveredconditionals="1" methods="4" coveredmethods="1"/>
      <file name="server.js" path="C:\Users\kirub\Documents\ecommerce-api\server.js">
        <metrics statements="30" coveredstatements="28" conditionals="2" coveredconditionals="1" methods="4" coveredmethods="1"/>
        <line num="183" count="3" type="stmt"/>
        <line num="184" count="3" type="stmt"/>
        <line num="185" count="3" type="stmt"/>
        <line num="186" count="3" type="stmt"/>
        <line num="187" count="3" type="stmt"/>
        <line num="188" count="3" type="stmt"/>
        <line num="189" count="3" type="stmt"/>
        <line num="190" count="3" type="stmt"/>
        <line num="192" count="3" type="stmt"/>
        <line num="193" count="3" type="stmt"/>
        <line num="194" count="3" type="cond" truecount="1" falsecount="1"/>
        <line num="197" count="3" type="stmt"/>
        <line num="200" count="3" type="stmt"/>
        <line num="201" count="3" type="stmt"/>
        <line num="204" count="3" type="stmt"/>
        <line num="205" count="3" type="stmt"/>
        <line num="208" count="3" type="stmt"/>
        <line num="211" count="3" type="stmt"/>
        <line num="212" count="3" type="stmt"/>
        <line num="213" count="3" type="stmt"/>
        <line num="214" count="3" type="stmt"/>
        <line num="217" count="3" type="stmt"/>
        <line num="221" count="3" type="stmt"/>
        <line num="224" count="3" type="stmt"/>
        <line num="227" count="3" type="stmt"/>
        <line num="228" count="3" type="stmt"/>
        <line num="229" count="3" type="stmt"/>
        <line num="233" count="3" type="stmt"/>
        <line num="234" count="0" type="stmt"/>
        <line num="235" count="0" type="stmt"/>
      </file>
    </package>
    <package name="ecommerce-api.controllers">
      <metrics statements="87" coveredstatements="48" conditionals="30" coveredconditionals="5" methods="16" coveredmethods="7"/>
      <file name="authController.js" path="C:\Users\kirub\Documents\ecommerce-api\controllers\authController.js">
        <metrics statements="49" coveredstatements="30" conditionals="20" coveredconditionals="5" methods="6" coveredmethods="4"/>
        <line num="1" count="3" type="stmt"/>
        <line num="2" count="3" type="stmt"/>
        <line num="3" count="3" type="stmt"/>
        <line num="4" count="3" type="stmt"/>
        <line num="6" count="3" type="stmt"/>
        <line num="7" count="2" type="stmt"/>
        <line num="10" count="2" type="stmt"/>
        <line num="11" count="2" type="cond" truecount="1" falsecount="1"/>
        <line num="12" count="0" type="stmt"/>
        <line num="16" count="2" type="stmt"/>
        <line num="17" count="2" type="stmt"/>
        <line num="20" count="2" type="stmt"/>
        <line num="27" count="2" type="stmt"/>
        <line num="38" count="3" type="stmt"/>
        <line num="39" count="1" type="stmt"/>
        <line num="40" count="1" type="stmt"/>
        <line num="49" count="3" type="stmt"/>
        <line num="50" count="2" type="stmt"/>
        <line num="51" count="2" type="cond" truecount="1" falsecount="1"/>
        <line num="52" count="0" type="stmt"/>
        <line num="55" count="2" type="stmt"/>
        <line num="68" count="3" type="stmt"/>
        <line num="69" count="0" type="stmt"/>
        <line num="72" count="0" type="stmt"/>
        <line num="74" count="0" type="cond" truecount="0" falsecount="2"/>
        <line num="75" count="0" type="stmt"/>
        <line num="79" count="0" type="cond" truecount="0" falsecount="2"/>
        <line num="80" count="0" type="cond" truecount="0" falsecount="2"/>
        <line num="81" count="0" type="cond" truecount="0" falsecount="2"/>
        <line num="82" count="0" type="stmt"/>
        <line num="83" count="0" type="stmt"/>
        <line num="86" count="0" type="stmt"/>
        <line num="88" count="0" type="stmt"/>
        <line num="100" count="3" type="stmt"/>
        <line num="101" count="0" type="stmt"/>
        <line num="102" count="0" type="cond" truecount="0" falsecount="2"/>
        <line num="103" count="0" type="stmt"/>
        <line num="106" count="0" type="stmt"/>
        <line num="136" count="3" type="stmt"/>
        <line num="137" count="4" type="stmt"/>
        <line num="138" count="4" type="stmt"/>
        <line num="139" count="4" type="cond" truecount="1" falsecount="1"/>
        <line num="140" count="0" type="stmt"/>
        <line num="142" count="4" type="stmt"/>
        <line num="143" count="4" type="cond" truecount="1" falsecount="1"/>
        <line num="144" count="0" type="stmt"/>
        <line num="146" count="4" type="stmt"/>
        <line num="147" count="4" type="cond" truecount="1" falsecount="1"/>
        <line num="148" count="4" type="stmt"/>
      </file>
      <file name="inventoryController.js" path="C:\Users\kirub\Documents\ecommerce-api\controllers\inventoryController.js">
        <metrics statements="20" coveredstatements="6" conditionals="6" coveredconditionals="0" methods="5" coveredmethods="0"/>
        <line num="1" count="3" type="stmt"/>
        <line num="3" count="3" type="stmt"/>
        <line num="4" count="0" type="stmt"/>
        <line num="5" count="0" type="stmt"/>
        <line num="6" count="0" type="stmt"/>
        <line num="9" count="3" type="stmt"/>
        <line num="10" count="0" type="stmt"/>
        <line num="11" count="0" type="cond" truecount="0" falsecount="2"/>
        <line num="12" count="0" type="stmt"/>
        <line num="15" count="3" type="stmt"/>
        <line num="16" count="0" type="stmt"/>
        <line num="17" count="0" type="stmt"/>
        <line num="20" count="3" type="stmt"/>
        <line num="21" count="0" type="stmt"/>
        <line num="22" count="0" type="cond" truecount="0" falsecount="2"/>
        <line num="23" count="0" type="stmt"/>
        <line num="25" count="3" type="stmt"/>
        <line num="26" count="0" type="stmt"/>
        <line num="27" count="0" type="cond" truecount="0" falsecount="2"/>
        <line num="28" count="0" type="stmt"/>
      </file>
      <file name="orderController.js" path="C:\Users\kirub\Documents\ecommerce-api\controllers\orderController.js">
        <metrics statements="18" coveredstatements="12" conditionals="4" coveredconditionals="0" methods="5" coveredmethods="3"/>
        <line num="1" count="3" type="stmt"/>
        <line num="3" count="3" type="stmt"/>
        <line num="4" count="1" type="stmt"/>
        <line num="5" count="1" type="stmt"/>
        <line num="8" count="3" type="stmt"/>
        <line num="9" count="1" type="stmt"/>
        <line num="10" count="1" type="stmt"/>
        <line num="13" count="3" type="stmt"/>
        <line num="14" count="1" type="stmt"/>
        <line num="15" count="1" type="stmt"/>
        <line num="18" count="3" type="stmt"/>
        <line num="19" count="0" type="stmt"/>
        <line num="20" count="0" type="cond" truecount="0" falsecount="2"/>
        <line num="21" count="0" type="stmt"/>
        <line num="23" count="3" type="stmt"/>
        <line num="24" count="0" type="stmt"/>
        <line num="25" count="0" type="cond" truecount="0" falsecount="2"/>
        <line num="26" count="0" type="stmt"/>
      </file>
    </package>
    <package name="ecommerce-api.middleware">
      <metrics statements="19" coveredstatements="15" conditionals="23" coveredconditionals="14" methods="3" coveredmethods="2"/>
      <file name="validate.js" path="C:\Users\kirub\Documents\ecommerce-api\middleware\validate.js">
        <metrics statements="19" coveredstatements="15" conditionals="23" coveredconditionals="14" methods="3" coveredmethods="2"/>
        <line num="69" count="3" type="stmt"/>
        <line num="71" count="24" type="cond" truecount="1" falsecount="0"/>
        <line num="72" count="7" type="stmt"/>
        <line num="78" count="7" type="stmt"/>
        <line num="79" count="7" type="cond" truecount="1" falsecount="1"/>
        <line num="80" count="7" type="cond" truecount="1" falsecount="1"/>
        <line num="81" count="7" type="cond" truecount="2" falsecount="0"/>
        <line num="84" count="7" type="cond" truecount="2" falsecount="0"/>
        <line num="87" count="6" type="stmt"/>
        <line num="90" count="6" type="cond" truecount="1" falsecount="1"/>
        <line num="91" count="0" type="stmt"/>
        <line num="92" count="0" type="stmt"/>
        <line num="93" count="0" type="stmt"/>
        <line num="94" count="0" type="stmt"/>
        <line num="97" count="6" type="cond" truecount="1" falsecount="1"/>
        <line num="98" count="6" type="cond" truecount="1" falsecount="1"/>
        <line num="99" count="6" type="cond" truecount="1" falsecount="1"/>
        <line num="101" count="6" type="stmt"/>
        <line num="104" count="3" type="stmt"/>
      </file>
    </package>
    <package name="ecommerce-api.routes">
      <metrics statements="12" coveredstatements="12" conditionals="0" coveredconditionals="0" methods="0" coveredmethods="0"/>
      <file name="inventoryRoutes.js" path="C:\Users\kirub\Documents\ecommerce-api\routes\inventoryRoutes.js">
        <metrics statements="12" coveredstatements="12" conditionals="0" coveredconditionals="0" methods="0" coveredmethods="0"/>
        <line num="1" count="3" type="stmt"/>
        <line num="2" count="3" type="stmt"/>
        <line num="3" count="3" type="stmt"/>
        <line num="5" count="3" type="stmt"/>
        <line num="6" count="3" type="stmt"/>
        <line num="9" count="3" type="stmt"/>
        <line num="11" count="3" type="stmt"/>
        <line num="12" count="3" type="stmt"/>
        <line num="13" count="3" type="stmt"/>
        <line num="14" count="3" type="stmt"/>
        <line num="15" count="3" type="stmt"/>
        <line num="17" count="3" type="stmt"/>
      </file>
    </package>
    <package name="ecommerce-api.services">
      <metrics statements="12" coveredstatements="6" conditionals="0" coveredconditionals="0" methods="5" coveredmethods="0"/>
      <file name="inventoryService.js" path="C:\Users\kirub\Documents\ecommerce-api\services\inventoryService.js">
        <metrics statements="12" coveredstatements="6" conditionals="0" coveredconditionals="0" methods="5" coveredmethods="0"/>
        <line num="1" count="3" type="stmt"/>
        <line num="3" count="3" type="stmt"/>
        <line num="4" count="0" type="stmt"/>
        <line num="5" count="0" type="stmt"/>
        <line num="8" count="3" type="stmt"/>
        <line num="9" count="0" type="stmt"/>
        <line num="12" count="3" type="stmt"/>
        <line num="13" count="0" type="stmt"/>
        <line num="16" count="3" type="stmt"/>
        <line num="17" count="0" type="stmt"/>
        <line num="20" count="3" type="stmt"/>
        <line num="21" count="0" type="stmt"/>
      </file>
    </package>
    <package name="ecommerce-api.validators">
      <metrics statements="4" coveredstatements="4" conditionals="0" coveredconditionals="0" methods="0" coveredmethods="0"/>
      <file name="auth.validator.js" path="C:\Users\kirub\Documents\ecommerce-api\validators\auth.validator.js">
        <metrics statements="2" coveredstatements="2" conditionals="0" coveredconditionals="0" methods="0" coveredmethods="0"/>
        <line num="1" count="3" type="stmt"/>
        <line num="3" count="3" type="stmt"/>
      </file>
      <file name="order.validator.js" path="C:\Users\kirub\Documents\ecommerce-api\validators\order.validator.js">
        <metrics statements="2" coveredstatements="2" conditionals="0" coveredconditionals="0" methods="0" coveredmethods="0"/>
        <line num="1" count="3" type="stmt"/>
        <line num="3" count="3" type="stmt"/>
      </file>
    </package>
  </project>
</coverage>
