<?xml version="1.0" encoding="UTF-8"?>
<coverage generated="1760374795632" clover="3.2.0">
  <project timestamp="1760374795632" name="All files">
    <metrics statements="62" coveredstatements="52" conditionals="6" coveredconditionals="1" methods="9" coveredmethods="3" elements="77" coveredelements="56" complexity="0" loc="62" ncloc="62" packages="3" files="3" classes="3"/>
    <package name="ecommerce-api">
      <metrics statements="30" coveredstatements="28" conditionals="2" coveredconditionals="1" methods="4" coveredmethods="1"/>
      <file name="server.js" path="C:\Users\kirub\Documents\ecommerce-api\server.js">
        <metrics statements="30" coveredstatements="28" conditionals="2" coveredconditionals="1" methods="4" coveredmethods="1"/>
        <line num="183" count="4" type="stmt"/>
        <line num="184" count="4" type="stmt"/>
        <line num="185" count="4" type="stmt"/>
        <line num="186" count="4" type="stmt"/>
        <line num="187" count="4" type="stmt"/>
        <line num="188" count="4" type="stmt"/>
        <line num="189" count="4" type="stmt"/>
        <line num="190" count="4" type="stmt"/>
        <line num="192" count="4" type="stmt"/>
        <line num="193" count="4" type="stmt"/>
        <line num="194" count="4" type="cond" truecount="1" falsecount="1"/>
        <line num="197" count="4" type="stmt"/>
        <line num="200" count="4" type="stmt"/>
        <line num="201" count="4" type="stmt"/>
        <line num="204" count="4" type="stmt"/>
        <line num="205" count="4" type="stmt"/>
        <line num="208" count="4" type="stmt"/>
        <line num="211" count="4" type="stmt"/>
        <line num="212" count="4" type="stmt"/>
        <line num="213" count="4" type="stmt"/>
        <line num="214" count="4" type="stmt"/>
        <line num="217" count="4" type="stmt"/>
        <line num="221" count="4" type="stmt"/>
        <line num="224" count="4" type="stmt"/>
        <line num="227" count="4" type="stmt"/>
        <line num="228" count="4" type="stmt"/>
        <line num="229" count="4" type="stmt"/>
        <line num="233" count="4" type="stmt"/>
        <line num="234" count="0" type="stmt"/>
        <line num="235" count="0" type="stmt"/>
      </file>
    </package>
    <package name="ecommerce-api.controllers">
      <metrics statements="19" coveredstatements="11" conditionals="4" coveredconditionals="0" methods="5" coveredmethods="2"/>
      <file name="orderController.js" path="C:\Users\kirub\Documents\ecommerce-api\controllers\orderController.js">
        <metrics statements="19" coveredstatements="11" conditionals="4" coveredconditionals="0" methods="5" coveredmethods="2"/>
        <line num="1" count="4" type="stmt"/>
        <line num="3" count="4" type="stmt"/>
        <line num="4" count="0" type="stmt"/>
        <line num="5" count="0" type="stmt"/>
        <line num="8" count="4" type="stmt"/>
        <line num="9" count="1" type="stmt"/>
        <line num="10" count="1" type="stmt"/>
        <line num="11" count="1" type="stmt"/>
        <line num="14" count="4" type="stmt"/>
        <line num="15" count="1" type="stmt"/>
        <line num="16" count="1" type="stmt"/>
        <line num="19" count="4" type="stmt"/>
        <line num="20" count="0" type="stmt"/>
        <line num="21" count="0" type="cond" truecount="0" falsecount="2"/>
        <line num="22" count="0" type="stmt"/>
        <line num="24" count="4" type="stmt"/>
        <line num="25" count="0" type="stmt"/>
        <line num="26" count="0" type="cond" truecount="0" falsecount="2"/>
        <line num="27" count="0" type="stmt"/>
      </file>
    </package>
    <package name="ecommerce-api.routes">
      <metrics statements="13" coveredstatements="13" conditionals="0" coveredconditionals="0" methods="0" coveredmethods="0"/>
      <file name="orderRoutes.js" path="C:\Users\kirub\Documents\ecommerce-api\routes\orderRoutes.js">
        <metrics statements="13" coveredstatements="13" conditionals="0" coveredconditionals="0" methods="0" coveredmethods="0"/>
        <line num="1" count="4" type="stmt"/>
        <line num="2" count="4" type="stmt"/>
        <line num="3" count="4" type="stmt"/>
        <line num="5" count="4" type="stmt"/>
        <line num="6" count="4" type="stmt"/>
        <line num="10" count="4" type="stmt"/>
        <line num="12" count="4" type="stmt"/>
        <line num="13" count="4" type="stmt"/>
        <line num="14" count="4" type="stmt"/>
        <line num="15" count="4" type="stmt"/>
        <line num="16" count="4" type="stmt"/>
        <line num="17" count="4" type="stmt"/>
        <line num="19" count="4" type="stmt"/>
      </file>
    </package>
  </project>
</coverage>
