{"C:\\Users\\kirub\\Documents\\ecommerce-api\\server.js": {"path":"C:\\Users\\kirub\\Documents\\ecommerce-api\\server.js","statementMap":{"0":{"start":{"line":183,"column":16},"end":{"line":183,"column":34}},"1":{"start":{"line":184,"column":15},"end":{"line":184,"column":32}},"2":{"start":{"line":185,"column":15},"end":{"line":185,"column":32}},"3":{"start":{"line":186,"column":18},"end":{"line":186,"column":40}},"4":{"start":{"line":187,"column":18},"end":{"line":187,"column":47}},"5":{"start":{"line":188,"column":11},"end":{"line":188,"column":24}},"6":{"start":{"line":189,"column":13},"end":{"line":189,"column":28}},"7":{"start":{"line":190,"column":21},"end":{"line":190,"column":60}},"8":{"start":{"line":192,"column":0},"end":{"line":192,"column":16}},"9":{"start":{"line":193,"column":12},"end":{"line":193,"column":21}},"10":{"start":{"line":194,"column":13},"end":{"line":194,"column":37}},"11":{"start":{"line":197,"column":0},"end":{"line":197,"column":33}},"12":{"start":{"line":200,"column":0},"end":{"line":200,"column":24}},"13":{"start":{"line":201,"column":0},"end":{"line":201,"column":23}},"14":{"start":{"line":204,"column":20},"end":{"line":204,"column":63}},"15":{"start":{"line":205,"column":24},"end":{"line":205,"column":72}},"16":{"start":{"line":208,"column":0},"end":{"line":208,"column":72}},"17":{"start":{"line":211,"column":0},"end":{"line":211,"column":53}},"18":{"start":{"line":212,"column":0},"end":{"line":212,"column":60}},"19":{"start":{"line":213,"column":0},"end":{"line":213,"column":56}},"20":{"start":{"line":214,"column":0},"end":{"line":214,"column":63}},"21":{"start":{"line":217,"column":0},"end":{"line":217,"column":21}},"22":{"start":{"line":221,"column":0},"end":{"line":221,"column":83}},"23":{"start":{"line":221,"column":37},"end":{"line":221,"column":81}},"24":{"start":{"line":224,"column":0},"end":{"line":224,"column":22}},"25":{"start":{"line":227,"column":15},"end":{"line":230,"column":2}},"26":{"start":{"line":228,"column":2},"end":{"line":228,"column":48}},"27":{"start":{"line":229,"column":2},"end":{"line":229,"column":77}},"28":{"start":{"line":233,"column":0},"end":{"line":236,"column":3}},"29":{"start":{"line":234,"column":2},"end":{"line":234,"column":45}},"30":{"start":{"line":235,"column":2},"end":{"line":235,"column":38}},"31":{"start":{"line":235,"column":21},"end":{"line":235,"column":36}}},"fnMap":{"0":{"name":"(anonymous_0)","decl":{"start":{"line":221,"column":23},"end":{"line":221,"column":24}},"loc":{"start":{"line":221,"column":37},"end":{"line":221,"column":81}},"line":221},"1":{"name":"(anonymous_1)","decl":{"start":{"line":227,"column":32},"end":{"line":227,"column":33}},"loc":{"start":{"line":227,"column":38},"end":{"line":230,"column":1}},"line":227},"2":{"name":"(anonymous_2)","decl":{"start":{"line":233,"column":33},"end":{"line":233,"column":34}},"loc":{"start":{"line":233,"column":42},"end":{"line":236,"column":1}},"line":233},"3":{"name":"(anonymous_3)","decl":{"start":{"line":235,"column":15},"end":{"line":235,"column":16}},"loc":{"start":{"line":235,"column":21},"end":{"line":235,"column":36}},"line":235}},"branchMap":{"0":{"loc":{"start":{"line":194,"column":13},"end":{"line":194,"column":37}},"type":"binary-expr","locations":[{"start":{"line":194,"column":13},"end":{"line":194,"column":29}},{"start":{"line":194,"column":33},"end":{"line":194,"column":37}}],"line":194}},"s":{"0":3,"1":3,"2":3,"3":3,"4":3,"5":3,"6":3,"7":3,"8":3,"9":3,"10":3,"11":3,"12":3,"13":3,"14":3,"15":3,"16":3,"17":3,"18":3,"19":3,"20":3,"21":3,"22":3,"23":0,"24":3,"25":3,"26":3,"27":3,"28":3,"29":0,"30":0,"31":0},"f":{"0":0,"1":3,"2":0,"3":0},"b":{"0":[3,0]},"_coverageSchema":"1a1c01bbd47fc00a2c39e90264f33305004495a9","hash":"ffe41661ef7edd4312dec59f838ed165efddb355"}
,"C:\\Users\\kirub\\Documents\\ecommerce-api\\controllers\\authController.js": {"path":"C:\\Users\\kirub\\Documents\\ecommerce-api\\controllers\\authController.js","statementMap":{"0":{"start":{"line":1,"column":15},"end":{"line":1,"column":32}},"1":{"start":{"line":2,"column":12},"end":{"line":2,"column":35}},"2":{"start":{"line":3,"column":21},"end":{"line":3,"column":58}},"3":{"start":{"line":4,"column":13},"end":{"line":4,"column":38}},"4":{"start":{"line":6,"column":0},"end":{"line":36,"column":3}},"5":{"start":{"line":7,"column":46},"end":{"line":7,"column":54}},"6":{"start":{"line":10,"column":23},"end":{"line":10,"column":52}},"7":{"start":{"line":11,"column":2},"end":{"line":13,"column":3}},"8":{"start":{"line":12,"column":4},"end":{"line":12,"column":68}},"9":{"start":{"line":16,"column":15},"end":{"line":16,"column":39}},"10":{"start":{"line":17,"column":25},"end":{"line":17,"column":62}},"11":{"start":{"line":20,"column":15},"end":{"line":25,"column":4}},"12":{"start":{"line":27,"column":2},"end":{"line":35,"column":5}},"13":{"start":{"line":38,"column":0},"end":{"line":45,"column":3}},"14":{"start":{"line":39,"column":16},"end":{"line":39,"column":53}},"15":{"start":{"line":40,"column":2},"end":{"line":44,"column":5}},"16":{"start":{"line":49,"column":0},"end":{"line":64,"column":3}},"17":{"start":{"line":50,"column":15},"end":{"line":50,"column":69}},"18":{"start":{"line":51,"column":2},"end":{"line":53,"column":3}},"19":{"start":{"line":52,"column":4},"end":{"line":52,"column":63}},"20":{"start":{"line":55,"column":2},"end":{"line":63,"column":5}},"21":{"start":{"line":68,"column":0},"end":{"line":97,"column":3}},"22":{"start":{"line":69,"column":40},"end":{"line":69,"column":48}},"23":{"start":{"line":72,"column":15},"end":{"line":72,"column":49}},"24":{"start":{"line":74,"column":2},"end":{"line":76,"column":3}},"25":{"start":{"line":75,"column":4},"end":{"line":75,"column":63}},"26":{"start":{"line":79,"column":2},"end":{"line":79,"column":32}},"27":{"start":{"line":80,"column":2},"end":{"line":80,"column":35}},"28":{"start":{"line":81,"column":2},"end":{"line":84,"column":3}},"29":{"start":{"line":82,"column":17},"end":{"line":82,"column":41}},"30":{"start":{"line":83,"column":4},"end":{"line":83,"column":62}},"31":{"start":{"line":86,"column":2},"end":{"line":86,"column":20}},"32":{"start":{"line":88,"column":2},"end":{"line":96,"column":5}},"33":{"start":{"line":100,"column":0},"end":{"line":109,"column":4}},"34":{"start":{"line":101,"column":15},"end":{"line":101,"column":58}},"35":{"start":{"line":102,"column":2},"end":{"line":104,"column":3}},"36":{"start":{"line":103,"column":4},"end":{"line":103,"column":63}},"37":{"start":{"line":106,"column":3},"end":{"line":108,"column":6}},"38":{"start":{"line":136,"column":0},"end":{"line":149,"column":3}},"39":{"start":{"line":137,"column":30},"end":{"line":137,"column":38}},"40":{"start":{"line":138,"column":15},"end":{"line":138,"column":44}},"41":{"start":{"line":139,"column":2},"end":{"line":141,"column":3}},"42":{"start":{"line":140,"column":16},"end":{"line":140,"column":48}},"43":{"start":{"line":140,"column":50},"end":{"line":140,"column":71}},"44":{"start":{"line":140,"column":72},"end":{"line":140,"column":82}},"45":{"start":{"line":142,"column":16},"end":{"line":142,"column":65}},"46":{"start":{"line":143,"column":2},"end":{"line":145,"column":3}},"47":{"start":{"line":144,"column":16},"end":{"line":144,"column":48}},"48":{"start":{"line":144,"column":50},"end":{"line":144,"column":71}},"49":{"start":{"line":144,"column":72},"end":{"line":144,"column":82}},"50":{"start":{"line":146,"column":18},"end":{"line":146,"column":70}},"51":{"start":{"line":147,"column":16},"end":{"line":147,"column":108}},"52":{"start":{"line":148,"column":2},"end":{"line":148,"column":37}}},"fnMap":{"0":{"name":"(anonymous_0)","decl":{"start":{"line":6,"column":32},"end":{"line":6,"column":33}},"loc":{"start":{"line":6,"column":52},"end":{"line":36,"column":1}},"line":6},"1":{"name":"(anonymous_1)","decl":{"start":{"line":38,"column":35},"end":{"line":38,"column":36}},"loc":{"start":{"line":38,"column":55},"end":{"line":45,"column":1}},"line":38},"2":{"name":"(anonymous_2)","decl":{"start":{"line":49,"column":34},"end":{"line":49,"column":35}},"loc":{"start":{"line":49,"column":54},"end":{"line":64,"column":1}},"line":49},"3":{"name":"(anonymous_3)","decl":{"start":{"line":68,"column":37},"end":{"line":68,"column":38}},"loc":{"start":{"line":68,"column":57},"end":{"line":97,"column":1}},"line":68},"4":{"name":"(anonymous_4)","decl":{"start":{"line":100,"column":34},"end":{"line":100,"column":35}},"loc":{"start":{"line":100,"column":54},"end":{"line":109,"column":2}},"line":100},"5":{"name":"(anonymous_5)","decl":{"start":{"line":136,"column":29},"end":{"line":136,"column":30}},"loc":{"start":{"line":136,"column":49},"end":{"line":149,"column":1}},"line":136}},"branchMap":{"0":{"loc":{"start":{"line":11,"column":2},"end":{"line":13,"column":3}},"type":"if","locations":[{"start":{"line":11,"column":2},"end":{"line":13,"column":3}},{"start":{},"end":{}}],"line":11},"1":{"loc":{"start":{"line":51,"column":2},"end":{"line":53,"column":3}},"type":"if","locations":[{"start":{"line":51,"column":2},"end":{"line":53,"column":3}},{"start":{},"end":{}}],"line":51},"2":{"loc":{"start":{"line":74,"column":2},"end":{"line":76,"column":3}},"type":"if","locations":[{"start":{"line":74,"column":2},"end":{"line":76,"column":3}},{"start":{},"end":{}}],"line":74},"3":{"loc":{"start":{"line":79,"column":14},"end":{"line":79,"column":31}},"type":"binary-expr","locations":[{"start":{"line":79,"column":14},"end":{"line":79,"column":18}},{"start":{"line":79,"column":22},"end":{"line":79,"column":31}}],"line":79},"4":{"loc":{"start":{"line":80,"column":15},"end":{"line":80,"column":34}},"type":"binary-expr","locations":[{"start":{"line":80,"column":15},"end":{"line":80,"column":20}},{"start":{"line":80,"column":24},"end":{"line":80,"column":34}}],"line":80},"5":{"loc":{"start":{"line":81,"column":2},"end":{"line":84,"column":3}},"type":"if","locations":[{"start":{"line":81,"column":2},"end":{"line":84,"column":3}},{"start":{},"end":{}}],"line":81},"6":{"loc":{"start":{"line":102,"column":2},"end":{"line":104,"column":3}},"type":"if","locations":[{"start":{"line":102,"column":2},"end":{"line":104,"column":3}},{"start":{},"end":{}}],"line":102},"7":{"loc":{"start":{"line":139,"column":2},"end":{"line":141,"column":3}},"type":"if","locations":[{"start":{"line":139,"column":2},"end":{"line":141,"column":3}},{"start":{},"end":{}}],"line":139},"8":{"loc":{"start":{"line":143,"column":2},"end":{"line":145,"column":3}},"type":"if","locations":[{"start":{"line":143,"column":2},"end":{"line":145,"column":3}},{"start":{},"end":{}}],"line":143},"9":{"loc":{"start":{"line":147,"column":71},"end":{"line":147,"column":105}},"type":"binary-expr","locations":[{"start":{"line":147,"column":71},"end":{"line":147,"column":97}},{"start":{"line":147,"column":101},"end":{"line":147,"column":105}}],"line":147}},"s":{"0":3,"1":3,"2":3,"3":3,"4":3,"5":2,"6":2,"7":2,"8":0,"9":2,"10":2,"11":2,"12":2,"13":3,"14":1,"15":1,"16":3,"17":2,"18":2,"19":0,"20":2,"21":3,"22":0,"23":0,"24":0,"25":0,"26":0,"27":0,"28":0,"29":0,"30":0,"31":0,"32":0,"33":3,"34":0,"35":0,"36":0,"37":0,"38":3,"39":4,"40":4,"41":4,"42":0,"43":0,"44":0,"45":4,"46":4,"47":0,"48":0,"49":0,"50":4,"51":4,"52":4},"f":{"0":2,"1":1,"2":2,"3":0,"4":0,"5":4},"b":{"0":[0,2],"1":[0,2],"2":[0,0],"3":[0,0],"4":[0,0],"5":[0,0],"6":[0,0],"7":[0,4],"8":[0,4],"9":[4,0]},"_coverageSchema":"1a1c01bbd47fc00a2c39e90264f33305004495a9","hash":"886446c79bb4e5563f7f3fc3725bab9c97a2be57"}
,"C:\\Users\\kirub\\Documents\\ecommerce-api\\controllers\\inventoryController.js": {"path":"C:\\Users\\kirub\\Documents\\ecommerce-api\\controllers\\inventoryController.js","statementMap":{"0":{"start":{"line":1,"column":25},"end":{"line":1,"column":64}},"1":{"start":{"line":3,"column":0},"end":{"line":7,"column":2}},"2":{"start":{"line":4,"column":31},"end":{"line":4,"column":39}},"3":{"start":{"line":5,"column":20},"end":{"line":5,"column":80}},"4":{"start":{"line":6,"column":2},"end":{"line":6,"column":34}},"5":{"start":{"line":9,"column":0},"end":{"line":13,"column":2}},"6":{"start":{"line":10,"column":20},"end":{"line":10,"column":77}},"7":{"start":{"line":11,"column":2},"end":{"line":11,"column":82}},"8":{"start":{"line":11,"column":18},"end":{"line":11,"column":82}},"9":{"start":{"line":12,"column":2},"end":{"line":12,"column":22}},"10":{"start":{"line":15,"column":0},"end":{"line":18,"column":2}},"11":{"start":{"line":16,"column":20},"end":{"line":16,"column":60}},"12":{"start":{"line":17,"column":2},"end":{"line":17,"column":22}},"13":{"start":{"line":20,"column":0},"end":{"line":24,"column":2}},"14":{"start":{"line":21,"column":20},"end":{"line":21,"column":96}},"15":{"start":{"line":22,"column":2},"end":{"line":22,"column":82}},"16":{"start":{"line":22,"column":18},"end":{"line":22,"column":82}},"17":{"start":{"line":23,"column":2},"end":{"line":23,"column":22}},"18":{"start":{"line":25,"column":0},"end":{"line":29,"column":2}},"19":{"start":{"line":26,"column":20},"end":{"line":26,"column":80}},"20":{"start":{"line":27,"column":2},"end":{"line":27,"column":82}},"21":{"start":{"line":27,"column":18},"end":{"line":27,"column":82}},"22":{"start":{"line":28,"column":2},"end":{"line":28,"column":58}}},"fnMap":{"0":{"name":"(anonymous_0)","decl":{"start":{"line":3,"column":17},"end":{"line":3,"column":18}},"loc":{"start":{"line":3,"column":37},"end":{"line":7,"column":1}},"line":3},"1":{"name":"(anonymous_1)","decl":{"start":{"line":9,"column":14},"end":{"line":9,"column":15}},"loc":{"start":{"line":9,"column":34},"end":{"line":13,"column":1}},"line":9},"2":{"name":"(anonymous_2)","decl":{"start":{"line":15,"column":17},"end":{"line":15,"column":18}},"loc":{"start":{"line":15,"column":37},"end":{"line":18,"column":1}},"line":15},"3":{"name":"(anonymous_3)","decl":{"start":{"line":20,"column":17},"end":{"line":20,"column":18}},"loc":{"start":{"line":20,"column":37},"end":{"line":24,"column":1}},"line":20},"4":{"name":"(anonymous_4)","decl":{"start":{"line":25,"column":17},"end":{"line":25,"column":18}},"loc":{"start":{"line":25,"column":37},"end":{"line":29,"column":1}},"line":25}},"branchMap":{"0":{"loc":{"start":{"line":11,"column":2},"end":{"line":11,"column":82}},"type":"if","locations":[{"start":{"line":11,"column":2},"end":{"line":11,"column":82}},{"start":{},"end":{}}],"line":11},"1":{"loc":{"start":{"line":22,"column":2},"end":{"line":22,"column":82}},"type":"if","locations":[{"start":{"line":22,"column":2},"end":{"line":22,"column":82}},{"start":{},"end":{}}],"line":22},"2":{"loc":{"start":{"line":27,"column":2},"end":{"line":27,"column":82}},"type":"if","locations":[{"start":{"line":27,"column":2},"end":{"line":27,"column":82}},{"start":{},"end":{}}],"line":27}},"s":{"0":3,"1":3,"2":0,"3":0,"4":0,"5":3,"6":0,"7":0,"8":0,"9":0,"10":3,"11":0,"12":0,"13":3,"14":0,"15":0,"16":0,"17":0,"18":3,"19":0,"20":0,"21":0,"22":0},"f":{"0":0,"1":0,"2":0,"3":0,"4":0},"b":{"0":[0,0],"1":[0,0],"2":[0,0]},"_coverageSchema":"1a1c01bbd47fc00a2c39e90264f33305004495a9","hash":"b709e17ddf09ef814eba8bf0a93c4be69ccad188"}
,"C:\\Users\\kirub\\Documents\\ecommerce-api\\controllers\\orderController.js": {"path":"C:\\Users\\kirub\\Documents\\ecommerce-api\\controllers\\orderController.js","statementMap":{"0":{"start":{"line":1,"column":21},"end":{"line":1,"column":56}},"1":{"start":{"line":3,"column":0},"end":{"line":6,"column":2}},"2":{"start":{"line":4,"column":16},"end":{"line":4,"column":83}},"3":{"start":{"line":5,"column":2},"end":{"line":5,"column":30}},"4":{"start":{"line":8,"column":0},"end":{"line":11,"column":2}},"5":{"start":{"line":9,"column":17},"end":{"line":9,"column":74}},"6":{"start":{"line":10,"column":2},"end":{"line":10,"column":19}},"7":{"start":{"line":13,"column":0},"end":{"line":16,"column":2}},"8":{"start":{"line":14,"column":17},"end":{"line":14,"column":50}},"9":{"start":{"line":15,"column":2},"end":{"line":15,"column":19}},"10":{"start":{"line":18,"column":0},"end":{"line":22,"column":2}},"11":{"start":{"line":19,"column":16},"end":{"line":19,"column":84}},"12":{"start":{"line":20,"column":2},"end":{"line":20,"column":74}},"13":{"start":{"line":20,"column":14},"end":{"line":20,"column":74}},"14":{"start":{"line":21,"column":2},"end":{"line":21,"column":18}},"15":{"start":{"line":23,"column":0},"end":{"line":27,"column":2}},"16":{"start":{"line":24,"column":16},"end":{"line":24,"column":61}},"17":{"start":{"line":25,"column":2},"end":{"line":25,"column":74}},"18":{"start":{"line":25,"column":14},"end":{"line":25,"column":74}},"19":{"start":{"line":26,"column":2},"end":{"line":26,"column":54}}},"fnMap":{"0":{"name":"(anonymous_0)","decl":{"start":{"line":3,"column":17},"end":{"line":3,"column":18}},"loc":{"start":{"line":3,"column":37},"end":{"line":6,"column":1}},"line":3},"1":{"name":"(anonymous_1)","decl":{"start":{"line":8,"column":22},"end":{"line":8,"column":23}},"loc":{"start":{"line":8,"column":42},"end":{"line":11,"column":1}},"line":8},"2":{"name":"(anonymous_2)","decl":{"start":{"line":13,"column":17},"end":{"line":13,"column":18}},"loc":{"start":{"line":13,"column":37},"end":{"line":16,"column":1}},"line":13},"3":{"name":"(anonymous_3)","decl":{"start":{"line":18,"column":23},"end":{"line":18,"column":24}},"loc":{"start":{"line":18,"column":43},"end":{"line":22,"column":1}},"line":18},"4":{"name":"(anonymous_4)","decl":{"start":{"line":23,"column":17},"end":{"line":23,"column":18}},"loc":{"start":{"line":23,"column":37},"end":{"line":27,"column":1}},"line":23}},"branchMap":{"0":{"loc":{"start":{"line":20,"column":2},"end":{"line":20,"column":74}},"type":"if","locations":[{"start":{"line":20,"column":2},"end":{"line":20,"column":74}},{"start":{},"end":{}}],"line":20},"1":{"loc":{"start":{"line":25,"column":2},"end":{"line":25,"column":74}},"type":"if","locations":[{"start":{"line":25,"column":2},"end":{"line":25,"column":74}},{"start":{},"end":{}}],"line":25}},"s":{"0":3,"1":3,"2":1,"3":1,"4":3,"5":1,"6":1,"7":3,"8":1,"9":1,"10":3,"11":0,"12":0,"13":0,"14":0,"15":3,"16":0,"17":0,"18":0,"19":0},"f":{"0":1,"1":1,"2":1,"3":0,"4":0},"b":{"0":[0,0],"1":[0,0]},"_coverageSchema":"1a1c01bbd47fc00a2c39e90264f33305004495a9","hash":"dc9d52f3dbfc250537fb1c81f60fa47b468074a1"}
,"C:\\Users\\kirub\\Documents\\ecommerce-api\\middleware\\validate.js": {"path":"C:\\Users\\kirub\\Documents\\ecommerce-api\\middleware\\validate.js","statementMap":{"0":{"start":{"line":69,"column":12},"end":{"line":69,"column":26}},"1":{"start":{"line":71,"column":17},"end":{"line":102,"column":1}},"2":{"start":{"line":71,"column":35},"end":{"line":102,"column":1}},"3":{"start":{"line":72,"column":17},"end":{"line":76,"column":5}},"4":{"start":{"line":78,"column":29},"end":{"line":78,"column":31}},"5":{"start":{"line":79,"column":4},"end":{"line":79,"column":65}},"6":{"start":{"line":79,"column":24},"end":{"line":79,"column":65}},"7":{"start":{"line":80,"column":4},"end":{"line":80,"column":62}},"8":{"start":{"line":80,"column":23},"end":{"line":80,"column":62}},"9":{"start":{"line":81,"column":4},"end":{"line":81,"column":59}},"10":{"start":{"line":81,"column":22},"end":{"line":81,"column":59}},"11":{"start":{"line":84,"column":4},"end":{"line":84,"column":66}},"12":{"start":{"line":84,"column":52},"end":{"line":84,"column":66}},"13":{"start":{"line":87,"column":29},"end":{"line":87,"column":100}},"14":{"start":{"line":90,"column":4},"end":{"line":95,"column":5}},"15":{"start":{"line":91,"column":20},"end":{"line":91,"column":49}},"16":{"start":{"line":92,"column":8},"end":{"line":92,"column":29}},"17":{"start":{"line":93,"column":8},"end":{"line":93,"column":85}},"18":{"start":{"line":93,"column":46},"end":{"line":93,"column":82}},"19":{"start":{"line":94,"column":8},"end":{"line":94,"column":25}},"20":{"start":{"line":97,"column":4},"end":{"line":97,"column":42}},"21":{"start":{"line":97,"column":20},"end":{"line":97,"column":42}},"22":{"start":{"line":98,"column":4},"end":{"line":98,"column":48}},"23":{"start":{"line":98,"column":22},"end":{"line":98,"column":48}},"24":{"start":{"line":99,"column":4},"end":{"line":99,"column":45}},"25":{"start":{"line":99,"column":21},"end":{"line":99,"column":45}},"26":{"start":{"line":101,"column":4},"end":{"line":101,"column":11}},"27":{"start":{"line":104,"column":0},"end":{"line":104,"column":26}}},"fnMap":{"0":{"name":"(anonymous_0)","decl":{"start":{"line":71,"column":17},"end":{"line":71,"column":18}},"loc":{"start":{"line":71,"column":35},"end":{"line":102,"column":1}},"line":71},"1":{"name":"(anonymous_1)","decl":{"start":{"line":71,"column":35},"end":{"line":71,"column":36}},"loc":{"start":{"line":71,"column":55},"end":{"line":102,"column":1}},"line":71},"2":{"name":"(anonymous_2)","decl":{"start":{"line":93,"column":40},"end":{"line":93,"column":41}},"loc":{"start":{"line":93,"column":46},"end":{"line":93,"column":82}},"line":93}},"branchMap":{"0":{"loc":{"start":{"line":71,"column":18},"end":{"line":71,"column":30}},"type":"default-arg","locations":[{"start":{"line":71,"column":28},"end":{"line":71,"column":30}}],"line":71},"1":{"loc":{"start":{"line":73,"column":16},"end":{"line":73,"column":32}},"type":"binary-expr","locations":[{"start":{"line":73,"column":16},"end":{"line":73,"column":26}},{"start":{"line":73,"column":30},"end":{"line":73,"column":32}}],"line":73},"2":{"loc":{"start":{"line":74,"column":15},"end":{"line":74,"column":30}},"type":"binary-expr","locations":[{"start":{"line":74,"column":15},"end":{"line":74,"column":24}},{"start":{"line":74,"column":28},"end":{"line":74,"column":30}}],"line":74},"3":{"loc":{"start":{"line":75,"column":14},"end":{"line":75,"column":28}},"type":"binary-expr","locations":[{"start":{"line":75,"column":14},"end":{"line":75,"column":22}},{"start":{"line":75,"column":26},"end":{"line":75,"column":28}}],"line":75},"4":{"loc":{"start":{"line":79,"column":4},"end":{"line":79,"column":65}},"type":"if","locations":[{"start":{"line":79,"column":4},"end":{"line":79,"column":65}},{"start":{},"end":{}}],"line":79},"5":{"loc":{"start":{"line":80,"column":4},"end":{"line":80,"column":62}},"type":"if","locations":[{"start":{"line":80,"column":4},"end":{"line":80,"column":62}},{"start":{},"end":{}}],"line":80},"6":{"loc":{"start":{"line":81,"column":4},"end":{"line":81,"column":59}},"type":"if","locations":[{"start":{"line":81,"column":4},"end":{"line":81,"column":59}},{"start":{},"end":{}}],"line":81},"7":{"loc":{"start":{"line":84,"column":4},"end":{"line":84,"column":66}},"type":"if","locations":[{"start":{"line":84,"column":4},"end":{"line":84,"column":66}},{"start":{},"end":{}}],"line":84},"8":{"loc":{"start":{"line":90,"column":4},"end":{"line":95,"column":5}},"type":"if","locations":[{"start":{"line":90,"column":4},"end":{"line":95,"column":5}},{"start":{},"end":{}}],"line":90},"9":{"loc":{"start":{"line":97,"column":4},"end":{"line":97,"column":42}},"type":"if","locations":[{"start":{"line":97,"column":4},"end":{"line":97,"column":42}},{"start":{},"end":{}}],"line":97},"10":{"loc":{"start":{"line":98,"column":4},"end":{"line":98,"column":48}},"type":"if","locations":[{"start":{"line":98,"column":4},"end":{"line":98,"column":48}},{"start":{},"end":{}}],"line":98},"11":{"loc":{"start":{"line":99,"column":4},"end":{"line":99,"column":45}},"type":"if","locations":[{"start":{"line":99,"column":4},"end":{"line":99,"column":45}},{"start":{},"end":{}}],"line":99}},"s":{"0":3,"1":3,"2":24,"3":7,"4":7,"5":7,"6":0,"7":7,"8":0,"9":7,"10":6,"11":7,"12":1,"13":6,"14":6,"15":0,"16":0,"17":0,"18":0,"19":0,"20":6,"21":6,"22":6,"23":6,"24":6,"25":6,"26":6,"27":3},"f":{"0":24,"1":7,"2":0},"b":{"0":[18],"1":[7,0],"2":[7,0],"3":[7,0],"4":[0,7],"5":[0,7],"6":[6,1],"7":[1,6],"8":[0,6],"9":[6,0],"10":[6,0],"11":[6,0]},"_coverageSchema":"1a1c01bbd47fc00a2c39e90264f33305004495a9","hash":"98b9490706188764e5f8dd192ebacc24c3df679f"}
,"C:\\Users\\kirub\\Documents\\ecommerce-api\\routes\\inventoryRoutes.js": {"path":"C:\\Users\\kirub\\Documents\\ecommerce-api\\routes\\inventoryRoutes.js","statementMap":{"0":{"start":{"line":1,"column":16},"end":{"line":1,"column":34}},"1":{"start":{"line":2,"column":19},"end":{"line":2,"column":64}},"2":{"start":{"line":3,"column":13},"end":{"line":3,"column":52}},"3":{"start":{"line":5,"column":17},"end":{"line":5,"column":50}},"4":{"start":{"line":6,"column":45},"end":{"line":6,"column":89}},"5":{"start":{"line":9,"column":15},"end":{"line":9,"column":31}},"6":{"start":{"line":11,"column":0},"end":{"line":11,"column":80}},"7":{"start":{"line":12,"column":0},"end":{"line":12,"column":52}},"8":{"start":{"line":13,"column":0},"end":{"line":13,"column":59}},"9":{"start":{"line":14,"column":0},"end":{"line":14,"column":89}},"10":{"start":{"line":15,"column":0},"end":{"line":15,"column":65}},"11":{"start":{"line":17,"column":0},"end":{"line":17,"column":24}}},"fnMap":{},"branchMap":{},"s":{"0":3,"1":3,"2":3,"3":3,"4":3,"5":3,"6":3,"7":3,"8":3,"9":3,"10":3,"11":3},"f":{},"b":{},"_coverageSchema":"1a1c01bbd47fc00a2c39e90264f33305004495a9","hash":"181a74aa4b16e56c8799438f864df5f8f464b7fb"}
,"C:\\Users\\kirub\\Documents\\ecommerce-api\\services\\inventoryService.js": {"path":"C:\\Users\\kirub\\Documents\\ecommerce-api\\services\\inventoryService.js","statementMap":{"0":{"start":{"line":1,"column":18},"end":{"line":1,"column":48}},"1":{"start":{"line":3,"column":0},"end":{"line":6,"column":2}},"2":{"start":{"line":4,"column":14},"end":{"line":4,"column":33}},"3":{"start":{"line":5,"column":2},"end":{"line":5,"column":26}},"4":{"start":{"line":8,"column":0},"end":{"line":10,"column":2}},"5":{"start":{"line":9,"column":2},"end":{"line":9,"column":32}},"6":{"start":{"line":12,"column":0},"end":{"line":14,"column":2}},"7":{"start":{"line":13,"column":2},"end":{"line":13,"column":48}},"8":{"start":{"line":16,"column":0},"end":{"line":18,"column":2}},"9":{"start":{"line":17,"column":2},"end":{"line":17,"column":83}},"10":{"start":{"line":20,"column":0},"end":{"line":22,"column":2}},"11":{"start":{"line":21,"column":2},"end":{"line":21,"column":57}}},"fnMap":{"0":{"name":"(anonymous_0)","decl":{"start":{"line":3,"column":26},"end":{"line":3,"column":27}},"loc":{"start":{"line":3,"column":42},"end":{"line":6,"column":1}},"line":3},"1":{"name":"(anonymous_1)","decl":{"start":{"line":8,"column":26},"end":{"line":8,"column":27}},"loc":{"start":{"line":8,"column":38},"end":{"line":10,"column":1}},"line":8},"2":{"name":"(anonymous_2)","decl":{"start":{"line":12,"column":23},"end":{"line":12,"column":24}},"loc":{"start":{"line":12,"column":44},"end":{"line":14,"column":1}},"line":12},"3":{"name":"(anonymous_3)","decl":{"start":{"line":16,"column":26},"end":{"line":16,"column":27}},"loc":{"start":{"line":16,"column":54},"end":{"line":18,"column":1}},"line":16},"4":{"name":"(anonymous_4)","decl":{"start":{"line":20,"column":26},"end":{"line":20,"column":27}},"loc":{"start":{"line":20,"column":47},"end":{"line":22,"column":1}},"line":20}},"branchMap":{},"s":{"0":3,"1":3,"2":0,"3":0,"4":3,"5":0,"6":3,"7":0,"8":3,"9":0,"10":3,"11":0},"f":{"0":0,"1":0,"2":0,"3":0,"4":0},"b":{},"_coverageSchema":"1a1c01bbd47fc00a2c39e90264f33305004495a9","hash":"fb3e6f5942af838ed07023ad92f99064bd036947"}
,"C:\\Users\\kirub\\Documents\\ecommerce-api\\validators\\auth.validator.js": {"path":"C:\\Users\\kirub\\Documents\\ecommerce-api\\validators\\auth.validator.js","statementMap":{"0":{"start":{"line":1,"column":12},"end":{"line":1,"column":26}},"1":{"start":{"line":3,"column":0},"end":{"line":18,"column":2}}},"fnMap":{},"branchMap":{},"s":{"0":3,"1":3},"f":{},"b":{},"_coverageSchema":"1a1c01bbd47fc00a2c39e90264f33305004495a9","hash":"fda5348a10509e75575475ce4380c5ebd0b31595"}
,"C:\\Users\\kirub\\Documents\\ecommerce-api\\validators\\order.validator.js": {"path":"C:\\Users\\kirub\\Documents\\ecommerce-api\\validators\\order.validator.js","statementMap":{"0":{"start":{"line":1,"column":12},"end":{"line":1,"column":26}},"1":{"start":{"line":3,"column":0},"end":{"line":24,"column":2}}},"fnMap":{},"branchMap":{},"s":{"0":3,"1":3},"f":{},"b":{},"_coverageSchema":"1a1c01bbd47fc00a2c39e90264f33305004495a9","hash":"5f22100b8cd4900e7bb13be7e9e9c0163a7dfbdf"}
}
