{"C:\\Users\\PROBOOK\\OneDrive\\Desktop\\BYU PATHWAY WORK PLACE\\CSE341- WEB SERVICES\\Group Project\\ecommerce-api\\server.js": {"path":"C:\\Users\\PROBOOK\\OneDrive\\Desktop\\BYU PATHWAY WORK PLACE\\CSE341- WEB SERVICES\\Group Project\\ecommerce-api\\server.js","statementMap":{"0":{"start":{"line":1,"column":16},"end":{"line":1,"column":34}},"1":{"start":{"line":2,"column":15},"end":{"line":2,"column":32}},"2":{"start":{"line":3,"column":15},"end":{"line":3,"column":32}},"3":{"start":{"line":4,"column":18},"end":{"line":4,"column":40}},"4":{"start":{"line":5,"column":18},"end":{"line":5,"column":47}},"5":{"start":{"line":6,"column":19},"end":{"line":6,"column":51}},"6":{"start":{"line":7,"column":24},"end":{"line":7,"column":63}},"7":{"start":{"line":9,"column":0},"end":{"line":9,"column":16}},"8":{"start":{"line":10,"column":12},"end":{"line":10,"column":21}},"9":{"start":{"line":11,"column":13},"end":{"line":11,"column":37}},"10":{"start":{"line":14,"column":0},"end":{"line":14,"column":33}},"11":{"start":{"line":17,"column":0},"end":{"line":17,"column":24}},"12":{"start":{"line":18,"column":0},"end":{"line":18,"column":23}},"13":{"start":{"line":35,"column":0},"end":{"line":35,"column":67}},"14":{"start":{"line":36,"column":0},"end":{"line":36,"column":53}},"15":{"start":{"line":37,"column":0},"end":{"line":37,"column":60}},"16":{"start":{"line":38,"column":0},"end":{"line":38,"column":56}},"17":{"start":{"line":39,"column":0},"end":{"line":39,"column":63}},"18":{"start":{"line":42,"column":0},"end":{"line":46,"column":4}},"19":{"start":{"line":49,"column":0},"end":{"line":49,"column":83}},"20":{"start":{"line":49,"column":37},"end":{"line":49,"column":81}},"21":{"start":{"line":52,"column":0},"end":{"line":52,"column":25}},"22":{"start":{"line":54,"column":0},"end":{"line":54,"column":70}},"23":{"start":{"line":54,"column":23},"end":{"line":54,"column":68}},"24":{"start":{"line":56,"column":0},"end":{"line":56,"column":21}}},"fnMap":{"0":{"name":"(anonymous_0)","decl":{"start":{"line":49,"column":23},"end":{"line":49,"column":24}},"loc":{"start":{"line":49,"column":37},"end":{"line":49,"column":81}},"line":49},"1":{"name":"(anonymous_1)","decl":{"start":{"line":54,"column":17},"end":{"line":54,"column":18}},"loc":{"start":{"line":54,"column":23},"end":{"line":54,"column":68}},"line":54}},"branchMap":{"0":{"loc":{"start":{"line":11,"column":13},"end":{"line":11,"column":37}},"type":"binary-expr","locations":[{"start":{"line":11,"column":13},"end":{"line":11,"column":29}},{"start":{"line":11,"column":33},"end":{"line":11,"column":37}}],"line":11}},"s":{"0":1,"1":1,"2":1,"3":1,"4":1,"5":1,"6":1,"7":1,"8":1,"9":1,"10":1,"11":1,"12":1,"13":1,"14":1,"15":1,"16":1,"17":1,"18":1,"19":1,"20":0,"21":1,"22":1,"23":1,"24":1},"f":{"0":0,"1":1},"b":{"0":[1,0]},"_coverageSchema":"1a1c01bbd47fc00a2c39e90264f33305004495a9","hash":"ff8e3fe31be1b827b38f2df5e5436fa85da29cc6"}
,"C:\\Users\\PROBOOK\\OneDrive\\Desktop\\BYU PATHWAY WORK PLACE\\CSE341- WEB SERVICES\\Group Project\\ecommerce-api\\routes\\authRoutes.js": {"path":"C:\\Users\\PROBOOK\\OneDrive\\Desktop\\BYU PATHWAY WORK PLACE\\CSE341- WEB SERVICES\\Group Project\\ecommerce-api\\routes\\authRoutes.js","statementMap":{"0":{"start":{"line":1,"column":16},"end":{"line":1,"column":34}},"1":{"start":{"line":2,"column":23},"end":{"line":2,"column":63}},"2":{"start":{"line":4,"column":15},"end":{"line":4,"column":31}},"3":{"start":{"line":6,"column":0},"end":{"line":6,"column":49}},"4":{"start":{"line":7,"column":0},"end":{"line":7,"column":49}},"5":{"start":{"line":8,"column":0},"end":{"line":8,"column":53}},"6":{"start":{"line":9,"column":0},"end":{"line":9,"column":56}},"7":{"start":{"line":10,"column":0},"end":{"line":10,"column":56}},"8":{"start":{"line":12,"column":0},"end":{"line":12,"column":24}}},"fnMap":{},"branchMap":{},"s":{"0":1,"1":1,"2":1,"3":1,"4":1,"5":1,"6":1,"7":1,"8":1},"f":{},"b":{},"_coverageSchema":"1a1c01bbd47fc00a2c39e90264f33305004495a9","hash":"224041f29a65f32631132677bb31d64bd1d2c9ef"}
,"C:\\Users\\PROBOOK\\OneDrive\\Desktop\\BYU PATHWAY WORK PLACE\\CSE341- WEB SERVICES\\Group Project\\ecommerce-api\\routes\\inventoryRoutes.js": {"path":"C:\\Users\\PROBOOK\\OneDrive\\Desktop\\BYU PATHWAY WORK PLACE\\CSE341- WEB SERVICES\\Group Project\\ecommerce-api\\routes\\inventoryRoutes.js","statementMap":{"0":{"start":{"line":1,"column":16},"end":{"line":1,"column":34}},"1":{"start":{"line":2,"column":19},"end":{"line":2,"column":64}},"2":{"start":{"line":5,"column":15},"end":{"line":5,"column":31}},"3":{"start":{"line":7,"column":0},"end":{"line":7,"column":68}},"4":{"start":{"line":8,"column":0},"end":{"line":8,"column":66}},"5":{"start":{"line":9,"column":0},"end":{"line":9,"column":52}},"6":{"start":{"line":10,"column":0},"end":{"line":10,"column":76}},"7":{"start":{"line":11,"column":0},"end":{"line":11,"column":80}},"8":{"start":{"line":13,"column":0},"end":{"line":13,"column":24}}},"fnMap":{},"branchMap":{},"s":{"0":1,"1":1,"2":1,"3":1,"4":1,"5":1,"6":1,"7":1,"8":1},"f":{},"b":{},"_coverageSchema":"1a1c01bbd47fc00a2c39e90264f33305004495a9","hash":"03a624dcdbd91d02385b93472154747e1daca322"}
,"C:\\Users\\PROBOOK\\OneDrive\\Desktop\\BYU PATHWAY WORK PLACE\\CSE341- WEB SERVICES\\Group Project\\ecommerce-api\\routes\\orderRoutes.js": {"path":"C:\\Users\\PROBOOK\\OneDrive\\Desktop\\BYU PATHWAY WORK PLACE\\CSE341- WEB SERVICES\\Group Project\\ecommerce-api\\routes\\orderRoutes.js","statementMap":{"0":{"start":{"line":1,"column":16},"end":{"line":1,"column":34}},"1":{"start":{"line":2,"column":19},"end":{"line":2,"column":60}},"2":{"start":{"line":5,"column":15},"end":{"line":5,"column":31}},"3":{"start":{"line":7,"column":0},"end":{"line":7,"column":71}},"4":{"start":{"line":8,"column":0},"end":{"line":8,"column":78}},"5":{"start":{"line":9,"column":0},"end":{"line":9,"column":67}},"6":{"start":{"line":10,"column":0},"end":{"line":10,"column":83}},"7":{"start":{"line":11,"column":0},"end":{"line":11,"column":73}},"8":{"start":{"line":13,"column":0},"end":{"line":13,"column":24}}},"fnMap":{},"branchMap":{},"s":{"0":1,"1":1,"2":1,"3":1,"4":1,"5":1,"6":1,"7":1,"8":1},"f":{},"b":{},"_coverageSchema":"1a1c01bbd47fc00a2c39e90264f33305004495a9","hash":"8dba575e2e19144921197fcb3961ba9396d5b5ed"}
,"C:\\Users\\PROBOOK\\OneDrive\\Desktop\\BYU PATHWAY WORK PLACE\\CSE341- WEB SERVICES\\Group Project\\ecommerce-api\\routes\\productRoutes.js": {"path":"C:\\Users\\PROBOOK\\OneDrive\\Desktop\\BYU PATHWAY WORK PLACE\\CSE341- WEB SERVICES\\Group Project\\ecommerce-api\\routes\\productRoutes.js","statementMap":{"0":{"start":{"line":1,"column":16},"end":{"line":1,"column":34}},"1":{"start":{"line":2,"column":26},"end":{"line":2,"column":69}},"2":{"start":{"line":3,"column":15},"end":{"line":3,"column":31}},"3":{"start":{"line":5,"column":15},"end":{"line":5,"column":17}},"4":{"start":{"line":7,"column":0},"end":{"line":7,"column":49}},"5":{"start":{"line":8,"column":0},"end":{"line":8,"column":49}},"6":{"start":{"line":9,"column":0},"end":{"line":9,"column":51}},"7":{"start":{"line":10,"column":0},"end":{"line":10,"column":52}},"8":{"start":{"line":11,"column":0},"end":{"line":11,"column":54}},"9":{"start":{"line":13,"column":0},"end":{"line":13,"column":24}}},"fnMap":{},"branchMap":{},"s":{"0":1,"1":1,"2":1,"3":1,"4":1,"5":1,"6":1,"7":1,"8":1,"9":1},"f":{},"b":{},"_coverageSchema":"1a1c01bbd47fc00a2c39e90264f33305004495a9","hash":"0be987c4c6ef6b93774eae1618ca01861cdef36d"}
}
