TN:
SF:server.js
FN:221,(anonymous_0)
FN:227,(anonymous_1)
FN:233,(anonymous_2)
FN:235,(anonymous_3)
FNF:4
FNH:1
FNDA:0,(anonymous_0)
FNDA:3,(anonymous_1)
FNDA:0,(anonymous_2)
FNDA:0,(anonymous_3)
DA:183,3
DA:184,3
DA:185,3
DA:186,3
DA:187,3
DA:188,3
DA:189,3
DA:190,3
DA:192,3
DA:193,3
DA:194,3
DA:197,3
DA:200,3
DA:201,3
DA:204,3
DA:205,3
DA:208,3
DA:211,3
DA:212,3
DA:213,3
DA:214,3
DA:217,3
DA:221,3
DA:224,3
DA:227,3
DA:228,3
DA:229,3
DA:233,3
DA:234,0
DA:235,0
LF:30
LH:28
BRDA:194,0,0,3
BRDA:194,0,1,0
BRF:2
BRH:1
end_of_record
TN:
SF:controllers\authController.js
FN:6,(anonymous_0)
FN:38,(anonymous_1)
FN:49,(anonymous_2)
FN:68,(anonymous_3)
FN:100,(anonymous_4)
FN:136,(anonymous_5)
FNF:6
FNH:4
FNDA:2,(anonymous_0)
FNDA:1,(anonymous_1)
FNDA:2,(anonymous_2)
FNDA:0,(anonymous_3)
FNDA:0,(anonymous_4)
FNDA:4,(anonymous_5)
DA:1,3
DA:2,3
DA:3,3
DA:4,3
DA:6,3
DA:7,2
DA:10,2
DA:11,2
DA:12,0
DA:16,2
DA:17,2
DA:20,2
DA:27,2
DA:38,3
DA:39,1
DA:40,1
DA:49,3
DA:50,2
DA:51,2
DA:52,0
DA:55,2
DA:68,3
DA:69,0
DA:72,0
DA:74,0
DA:75,0
DA:79,0
DA:80,0
DA:81,0
DA:82,0
DA:83,0
DA:86,0
DA:88,0
DA:100,3
DA:101,0
DA:102,0
DA:103,0
DA:106,0
DA:136,3
DA:137,4
DA:138,4
DA:139,4
DA:140,0
DA:142,4
DA:143,4
DA:144,0
DA:146,4
DA:147,4
DA:148,4
LF:49
LH:30
BRDA:11,0,0,0
BRDA:11,0,1,2
BRDA:51,1,0,0
BRDA:51,1,1,2
BRDA:74,2,0,0
BRDA:74,2,1,0
BRDA:79,3,0,0
BRDA:79,3,1,0
BRDA:80,4,0,0
BRDA:80,4,1,0
BRDA:81,5,0,0
BRDA:81,5,1,0
BRDA:102,6,0,0
BRDA:102,6,1,0
BRDA:139,7,0,0
BRDA:139,7,1,4
BRDA:143,8,0,0
BRDA:143,8,1,4
BRDA:147,9,0,4
BRDA:147,9,1,0
BRF:20
BRH:5
end_of_record
TN:
SF:controllers\inventoryController.js
FN:3,(anonymous_0)
FN:9,(anonymous_1)
FN:15,(anonymous_2)
FN:20,(anonymous_3)
FN:25,(anonymous_4)
FNF:5
FNH:0
FNDA:0,(anonymous_0)
FNDA:0,(anonymous_1)
FNDA:0,(anonymous_2)
FNDA:0,(anonymous_3)
FNDA:0,(anonymous_4)
DA:1,3
DA:3,3
DA:4,0
DA:5,0
DA:6,0
DA:9,3
DA:10,0
DA:11,0
DA:12,0
DA:15,3
DA:16,0
DA:17,0
DA:20,3
DA:21,0
DA:22,0
DA:23,0
DA:25,3
DA:26,0
DA:27,0
DA:28,0
LF:20
LH:6
BRDA:11,0,0,0
BRDA:11,0,1,0
BRDA:22,1,0,0
BRDA:22,1,1,0
BRDA:27,2,0,0
BRDA:27,2,1,0
BRF:6
BRH:0
end_of_record
TN:
SF:controllers\orderController.js
FN:3,(anonymous_0)
FN:8,(anonymous_1)
FN:13,(anonymous_2)
FN:18,(anonymous_3)
FN:23,(anonymous_4)
FNF:5
FNH:3
FNDA:1,(anonymous_0)
FNDA:1,(anonymous_1)
FNDA:1,(anonymous_2)
FNDA:0,(anonymous_3)
FNDA:0,(anonymous_4)
DA:1,3
DA:3,3
DA:4,1
DA:5,1
DA:8,3
DA:9,1
DA:10,1
DA:13,3
DA:14,1
DA:15,1
DA:18,3
DA:19,0
DA:20,0
DA:21,0
DA:23,3
DA:24,0
DA:25,0
DA:26,0
LF:18
LH:12
BRDA:20,0,0,0
BRDA:20,0,1,0
BRDA:25,1,0,0
BRDA:25,1,1,0
BRF:4
BRH:0
end_of_record
TN:
SF:middleware\validate.js
FN:71,(anonymous_0)
FN:71,(anonymous_1)
FN:93,(anonymous_2)
FNF:3
FNH:2
FNDA:24,(anonymous_0)
FNDA:7,(anonymous_1)
FNDA:0,(anonymous_2)
DA:69,3
DA:71,24
DA:72,7
DA:78,7
DA:79,7
DA:80,7
DA:81,7
DA:84,7
DA:87,6
DA:90,6
DA:91,0
DA:92,0
DA:93,0
DA:94,0
DA:97,6
DA:98,6
DA:99,6
DA:101,6
DA:104,3
LF:19
LH:15
BRDA:71,0,0,18
BRDA:73,1,0,7
BRDA:73,1,1,0
BRDA:74,2,0,7
BRDA:74,2,1,0
BRDA:75,3,0,7
BRDA:75,3,1,0
BRDA:79,4,0,0
BRDA:79,4,1,7
BRDA:80,5,0,0
BRDA:80,5,1,7
BRDA:81,6,0,6
BRDA:81,6,1,1
BRDA:84,7,0,1
BRDA:84,7,1,6
BRDA:90,8,0,0
BRDA:90,8,1,6
BRDA:97,9,0,6
BRDA:97,9,1,0
BRDA:98,10,0,6
BRDA:98,10,1,0
BRDA:99,11,0,6
BRDA:99,11,1,0
BRF:23
BRH:14
end_of_record
TN:
SF:routes\inventoryRoutes.js
FNF:0
FNH:0
DA:1,3
DA:2,3
DA:3,3
DA:5,3
DA:6,3
DA:9,3
DA:11,3
DA:12,3
DA:13,3
DA:14,3
DA:15,3
DA:17,3
LF:12
LH:12
BRF:0
BRH:0
end_of_record
TN:
SF:services\inventoryService.js
FN:3,(anonymous_0)
FN:8,(anonymous_1)
FN:12,(anonymous_2)
FN:16,(anonymous_3)
FN:20,(anonymous_4)
FNF:5
FNH:0
FNDA:0,(anonymous_0)
FNDA:0,(anonymous_1)
FNDA:0,(anonymous_2)
FNDA:0,(anonymous_3)
FNDA:0,(anonymous_4)
DA:1,3
DA:3,3
DA:4,0
DA:5,0
DA:8,3
DA:9,0
DA:12,3
DA:13,0
DA:16,3
DA:17,0
DA:20,3
DA:21,0
LF:12
LH:6
BRF:0
BRH:0
end_of_record
TN:
SF:validators\auth.validator.js
FNF:0
FNH:0
DA:1,3
DA:3,3
LF:2
LH:2
BRF:0
BRH:0
end_of_record
TN:
SF:validators\order.validator.js
FNF:0
FNH:0
DA:1,3
DA:3,3
LF:2
LH:2
BRF:0
BRH:0
end_of_record
