TN:
SF:server.js
FN:221,(anonymous_0)
FN:227,(anonymous_1)
FN:233,(anonymous_2)
FN:235,(anonymous_3)
FNF:4
FNH:1
FNDA:0,(anonymous_0)
FNDA:4,(anonymous_1)
FNDA:0,(anonymous_2)
FNDA:0,(anonymous_3)
DA:183,4
DA:184,4
DA:185,4
DA:186,4
DA:187,4
DA:188,4
DA:189,4
DA:190,4
DA:192,4
DA:193,4
DA:194,4
DA:197,4
DA:200,4
DA:201,4
DA:204,4
DA:205,4
DA:208,4
DA:211,4
DA:212,4
DA:213,4
DA:214,4
DA:217,4
DA:221,4
DA:224,4
DA:227,4
DA:228,4
DA:229,4
DA:233,4
DA:234,0
DA:235,0
LF:30
LH:28
BRDA:194,0,0,4
BRDA:194,0,1,0
BRF:2
BRH:1
end_of_record
TN:
SF:controllers\orderController.js
FN:3,(anonymous_0)
FN:8,(anonymous_1)
FN:14,(anonymous_2)
FN:19,(anonymous_3)
FN:24,(anonymous_4)
FNF:5
FNH:2
FNDA:0,(anonymous_0)
FNDA:1,(anonymous_1)
FNDA:1,(anonymous_2)
FNDA:0,(anonymous_3)
FNDA:0,(anonymous_4)
DA:1,4
DA:3,4
DA:4,0
DA:5,0
DA:8,4
DA:9,1
DA:10,1
DA:11,1
DA:14,4
DA:15,1
DA:16,1
DA:19,4
DA:20,0
DA:21,0
DA:22,0
DA:24,4
DA:25,0
DA:26,0
DA:27,0
LF:19
LH:11
BRDA:21,0,0,0
BRDA:21,0,1,0
BRDA:26,1,0,0
BRDA:26,1,1,0
BRF:4
BRH:0
end_of_record
TN:
SF:routes\orderRoutes.js
FNF:0
FNH:0
DA:1,4
DA:2,4
DA:3,4
DA:5,4
DA:6,4
DA:10,4
DA:12,4
DA:13,4
DA:14,4
DA:15,4
DA:16,4
DA:17,4
DA:19,4
LF:13
LH:13
BRF:0
BRH:0
end_of_record
